# JRE version: OpenJDK Runtime Environment (17.0.6) (build 17.0.6+0-17.0.6b802.4-9586694)
# Java VM: OpenJDK 64-Bit Server VM (17.0.6+0-17.0.6b802.4-9586694, mixed mode, tiered, compressed oops, compressed class ptrs, g1 gc, linux-amd64)
GC Precious Log:
 CPUs: 4 total, 4 available
 Memory: 7912M
 Large Page Support: Disabled
 NUMA Support: Disabled
 Compressed Oops: Enabled (32-bit)
 Heap Region Size: 1M
 Heap Min Capacity: 8M
 Heap Initial Capacity: 124M
 Heap Max Capacity: 2G
 Pre-touch: Disabled
 Parallel Workers: 4
 Concurrent Workers: 1
 Concurrent Refinement Workers: 4
 Periodic GC: Disabled
Heap:
 garbage-first heap   total 528384K, used 205108K [0x0000000080000000, 0x0000000100000000)
  region size 1024K, 1 young (1024K), 1 survivors (1024K)
 Metaspace       used 140662K, committed 141888K, reserved 1179648K
  class space    used 18383K, committed 18944K, reserved 1048576K
GC Heap History (20 events):
Event: 3131.134 GC heap after
{Heap after GC invocations=60 (full 0):
 garbage-first heap   total 514048K, used 129368K [0x0000000080000000, 0x0000000100000000)
  region size 1024K, 2 young (2048K), 2 survivors (2048K)
 Metaspace       used 133783K, committed 135040K, reserved 1171456K
  class space    used 17771K, committed 18368K, reserved 1048576K
}
Event: 3131.154 GC heap before
{Heap before GC invocations=60 (full 0):
 garbage-first heap   total 514048K, used 137560K [0x0000000080000000, 0x0000000100000000)
  region size 1024K, 11 young (11264K), 2 survivors (2048K)
 Metaspace       used 133783K, committed 135040K, reserved 1171456K
  class space    used 17771K, committed 18368K, reserved 1048576K
}
Event: 3131.160 GC heap after
{Heap after GC invocations=61 (full 0):
 garbage-first heap   total 514048K, used 135326K [0x0000000080000000, 0x0000000100000000)
  region size 1024K, 8 young (8192K), 8 survivors (8192K)
 Metaspace       used 133783K, committed 135040K, reserved 1171456K
  class space    used 17771K, committed 18368K, reserved 1048576K
}
Event: 3288.940 GC heap before
{Heap before GC invocations=62 (full 0):
 garbage-first heap   total 514048K, used 408734K [0x0000000080000000, 0x0000000100000000)
  region size 1024K, 245 young (250880K), 8 survivors (8192K)
 Metaspace       used 135445K, committed 136704K, reserved 1171456K
  class space    used 17870K, committed 18432K, reserved 1048576K
}
Event: 3288.962 GC heap after
{Heap after GC invocations=63 (full 0):
 garbage-first heap   total 514048K, used 160410K [0x0000000080000000, 0x0000000100000000)
  region size 1024K, 31 young (31744K), 31 survivors (31744K)
 Metaspace       used 135445K, committed 136704K, reserved 1171456K
  class space    used 17870K, committed 18432K, reserved 1048576K
}
Event: 3288.967 GC heap before
{Heap before GC invocations=63 (full 0):
 garbage-first heap   total 514048K, used 161434K [0x0000000080000000, 0x0000000100000000)
  region size 1024K, 32 young (32768K), 31 survivors (31744K)
 Metaspace       used 135445K, committed 136704K, reserved 1171456K
  class space    used 17870K, committed 18432K, reserved 1048576K
}
Event: 3288.985 GC heap after
{Heap after GC invocations=64 (full 0):
 garbage-first heap   total 514048K, used 153478K [0x0000000080000000, 0x0000000100000000)
  region size 1024K, 2 young (2048K), 2 survivors (2048K)
 Metaspace       used 135445K, committed 136704K, reserved 1171456K
  class space    used 17870K, committed 18432K, reserved 1048576K
}
Event: 3289.489 GC heap before
{Heap before GC invocations=64 (full 0):
 garbage-first heap   total 514048K, used 167814K [0x0000000080000000, 0x0000000100000000)
  region size 1024K, 18 young (18432K), 2 survivors (2048K)
 Metaspace       used 135726K, committed 136896K, reserved 1171456K
  class space    used 17905K, committed 18432K, reserved 1048576K
}
Event: 3289.495 GC heap after
{Heap after GC invocations=65 (full 0):
 garbage-first heap   total 514048K, used 154448K [0x0000000080000000, 0x0000000100000000)
  region size 1024K, 3 young (3072K), 3 survivors (3072K)
 Metaspace       used 135726K, committed 136896K, reserved 1171456K
  class space    used 17905K, committed 18432K, reserved 1048576K
}
Event: 3292.124 GC heap before
{Heap before GC invocations=66 (full 0):
 garbage-first heap   total 514048K, used 405328K [0x0000000080000000, 0x0000000100000000)
  region size 1024K, 231 young (236544K), 3 survivors (3072K)
 Metaspace       used 140456K, committed 141632K, reserved 1171456K
  class space    used 18363K, committed 18880K, reserved 1048576K
}
Event: 3292.139 GC heap after
{Heap after GC invocations=67 (full 0):
 garbage-first heap   total 514048K, used 152454K [0x0000000080000000, 0x0000000100000000)
  region size 1024K, 8 young (8192K), 8 survivors (8192K)
 Metaspace       used 140456K, committed 141632K, reserved 1171456K
  class space    used 18363K, committed 18880K, reserved 1048576K
}
Event: 3292.626 GC heap before
{Heap before GC invocations=67 (full 0):
 garbage-first heap   total 514048K, used 170886K [0x0000000080000000, 0x0000000100000000)
  region size 1024K, 25 young (25600K), 8 survivors (8192K)
 Metaspace       used 140491K, committed 141760K, reserved 1171456K
  class space    used 18367K, committed 18944K, reserved 1048576K
}
Event: 3292.643 GC heap after
{Heap after GC invocations=68 (full 0):
 garbage-first heap   total 514048K, used 142195K [0x0000000080000000, 0x0000000100000000)
  region size 1024K, 3 young (3072K), 3 survivors (3072K)
 Metaspace       used 140491K, committed 141760K, reserved 1171456K
  class space    used 18367K, committed 18944K, reserved 1048576K
}
Event: 3292.664 GC heap before
{Heap before GC invocations=68 (full 0):
 garbage-first heap   total 514048K, used 146291K [0x0000000080000000, 0x0000000100000000)
  region size 1024K, 8 young (8192K), 3 survivors (3072K)
 Metaspace       used 140498K, committed 141760K, reserved 1171456K
  class space    used 18367K, committed 18944K, reserved 1048576K
}
Event: 3292.667 GC heap after
{Heap after GC invocations=69 (full 0):
 garbage-first heap   total 514048K, used 142153K [0x0000000080000000, 0x0000000100000000)
  region size 1024K, 3 young (3072K), 3 survivors (3072K)
 Metaspace       used 140498K, committed 141760K, reserved 1171456K
  class space    used 18367K, committed 18944K, reserved 1048576K
}
Event: 3293.854 GC heap before
{Heap before GC invocations=70 (full 0):
 garbage-first heap   total 498688K, used 445013K [0x0000000080000000, 0x0000000100000000)
  region size 1024K, 253 young (259072K), 3 survivors (3072K)
 Metaspace       used 140658K, committed 141888K, reserved 1179648K
  class space    used 18382K, committed 18944K, reserved 1048576K
}
Event: 3294.461 GC heap after
{Heap after GC invocations=71 (full 0):
 garbage-first heap   total 515072K, used 226724K [0x0000000080000000, 0x0000000100000000)
  region size 1024K, 32 young (32768K), 32 survivors (32768K)
 Metaspace       used 140658K, committed 141888K, reserved 1179648K
  class space    used 18382K, committed 18944K, reserved 1048576K
}
Event: 3294.470 GC heap before
{Heap before GC invocations=71 (full 0):
 garbage-first heap   total 515072K, used 227748K [0x0000000080000000, 0x0000000100000000)
  region size 1024K, 33 young (33792K), 32 survivors (32768K)
 Metaspace       used 140658K, committed 141888K, reserved 1179648K
  class space    used 18382K, committed 18944K, reserved 1048576K
}
Event: 3294.516 GC heap after
{Heap after GC invocations=72 (full 0):
 garbage-first heap   total 515072K, used 205291K [0x0000000080000000, 0x0000000100000000)
  region size 1024K, 1 young (1024K), 1 survivors (1024K)
 Metaspace       used 140658K, committed 141888K, reserved 1179648K
  class space    used 18382K, committed 18944K, reserved 1048576K
}
Event: 3294.738 GC heap before
{Heap before GC invocations=72 (full 0):
 garbage-first heap   total 515072K, used 215531K [0x0000000080000000, 0x0000000100000000)
  region size 1024K, 12 young (12288K), 1 survivors (1024K)
 Metaspace       used 140662K, committed 141888K, reserved 1179648K
  class space    used 18383K, committed 18944K, reserved 1048576K
}

